ASF356_simulated_contig_488_8_#_1592_#_1915_#_-1_#_ID=1_8;partial=01;start_type=Edge;rbs_motif=None;rbs_spacer=None;gc_cont=0.272	ral:Rumal_3652|hypothetical_protein|none	35.2	105	65	2	1	102	86	190	4.9e-09	66.2
ASF356_simulated_contig_963_3_#_418_#_903_#_-1_#_ID=2_3;partial=00;start_type=GTG;rbs_motif=None;rbs_spacer=None;gc_cont=0.529	bsl:A7A1_1714|hypothetical_protein|none	86.6	112	15	0	50	161	1	112	5.6e-49	199.5
ASF356_simulated_contig_963_7_#_1227_#_1559_#_1_#_ID=2_7;partial=00;start_type=GTG;rbs_motif=None;rbs_spacer=None;gc_cont=0.468	cby:CLM_0051|hypothetical_protein|none	56.1	82	36	0	15	96	1	82	5.8e-13	79.3
ASF356_simulated_contig_963_18_#_3437_#_4219_#_-1_#_ID=2_18;partial=00;start_type=ATG;rbs_motif=None;rbs_spacer=None;gc_cont=0.250	csh:Closa_0179|colicin_V_production_protein|none	29.3	232	154	3	35	258	10	239	1.2e-24	119.4
ASF356_simulated_contig_1050_1_#_3_#_422_#_-1_#_ID=3_1;partial=10;start_type=ATG;rbs_motif=None;rbs_spacer=None;gc_cont=0.388	lcr:LCRIS_00555|hypothetical_protein|none	52.8	53	25	0	17	69	11	63	1.0e-06	58.9
ASF356_simulated_contig_1050_4_#_906_#_1391_#_-1_#_ID=3_4;partial=00;start_type=GTG;rbs_motif=None;rbs_spacer=None;gc_cont=0.529	bsl:A7A1_1714|hypothetical_protein|none	86.6	112	15	0	50	161	1	112	5.6e-49	199.5
ASF356_simulated_contig_1050_8_#_1715_#_2047_#_1_#_ID=3_8;partial=00;start_type=GTG;rbs_motif=None;rbs_spacer=None;gc_cont=0.468	cby:CLM_0051|hypothetical_protein|none	56.1	82	36	0	15	96	1	82	5.8e-13	79.3
ASF356_simulated_contig_1052_8_#_1267_#_1563_#_1_#_ID=4_8;partial=00;start_type=ATG;rbs_motif=None;rbs_spacer=None;gc_cont=0.545	hmo:HM1_3148|hypothetical_protein|none	78.5	65	14	0	34	98	19	83	1.5e-20	104.4
ASF356_simulated_contig_1136_1_#_3_#_407_#_1_#_ID=5_1;partial=10;start_type=Edge;rbs_motif=None;rbs_spacer=None;gc_cont=0.351	dai:Desaci_3043|site-specific_recombinase_XerD|none	50.8	124	59	2	1	122	19	142	1.7e-27	127.9
ASF356_simulated_contig_1136_4_#_1239_#_1724_#_-1_#_ID=5_4;partial=00;start_type=GTG;rbs_motif=None;rbs_spacer=None;gc_cont=0.529	bsl:A7A1_1714|hypothetical_protein|none	86.6	112	15	0	50	161	1	112	5.6e-49	199.5
ASF356_simulated_contig_1213_4_#_393_#_878_#_-1_#_ID=6_4;partial=00;start_type=GTG;rbs_motif=None;rbs_spacer=None;gc_cont=0.529	bsl:A7A1_1714|hypothetical_protein|none	86.6	112	15	0	50	161	1	112	5.6e-49	199.5
ASF356_simulated_contig_1213_8_#_1202_#_1534_#_1_#_ID=6_8;partial=00;start_type=GTG;rbs_motif=None;rbs_spacer=None;gc_cont=0.468	cby:CLM_0051|hypothetical_protein|none	56.1	82	36	0	15	96	1	82	5.8e-13	79.3
ASF356_simulated_contig_1213_13_#_2575_#_2931_#_1_#_ID=6_13;partial=00;start_type=TTG;rbs_motif=None;rbs_spacer=None;gc_cont=0.532	abab:BJAB0715_00002|hypothetical_protein|none	75.4	65	16	0	54	118	47	111	6.8e-20	102.4
ASF356_simulated_contig_1213_17_#_3327_#_3623_#_1_#_ID=6_17;partial=00;start_type=ATG;rbs_motif=None;rbs_spacer=None;gc_cont=0.545	hmo:HM1_3148|hypothetical_protein|none	78.5	65	14	0	34	98	19	83	1.5e-20	104.4
ASF356_simulated_contig_1213_24_#_5072_#_5479_#_-1_#_ID=6_24;partial=01;start_type=Edge;rbs_motif=None;rbs_spacer=None;gc_cont=0.279	cst:CLOST_1629|hypothetical_protein|none	43.9	132	74	0	1	132	130	261	1.8e-24	117.9
ASF360_simulated_contig_296_2_#_97_#_432_#_1_#_ID=7_2;partial=00;start_type=GTG;rbs_motif=None;rbs_spacer=None;gc_cont=0.438	lru:HMPREF0538_22280|transcriptional_regulator|none	34.1	88	45	3	20	107	76	150	8.4e-04	48.9
ASF360_simulated_contig_296_3_#_524_#_841_#_1_#_ID=7_3;partial=00;start_type=GTG;rbs_motif=None;rbs_spacer=None;gc_cont=0.403	lhe:lhv_0182|hypothetical_protein|none	55.2	67	29	1	35	101	1	66	7.9e-12	75.5
ASF360_simulated_contig_296_4_#_866_#_1108_#_1_#_ID=7_4;partial=00;start_type=ATG;rbs_motif=None;rbs_spacer=None;gc_cont=0.379	ppe:PEPE_1750|hypothetical_protein|none	45.7	70	38	0	4	73	2	71	5.9e-07	58.9
ASF360_simulated_contig_296_7_#_1545_#_1826_#_1_#_ID=7_7;partial=01;start_type=ATG;rbs_motif=None;rbs_spacer=None;gc_cont=0.465	lai:LAC30SC_10900|integrase/recombinase|none	46.0	87	47	0	7	93	10	96	5.2e-15	85.9
ASF360_simulated_contig_297_1_#_2_#_541_#_1_#_ID=8_1;partial=10;start_type=Edge;rbs_motif=None;rbs_spacer=None;gc_cont=0.448	lam:LA2_11194|site-specific_recombinase|phage_integrase_family_protein|none	67.0	179	59	0	1	179	104	282	2.8e-65	253.8
ASF360_simulated_contig_297_2_#_570_#_884_#_1_#_ID=8_2;partial=00;start_type=ATG;rbs_motif=None;rbs_spacer=None;gc_cont=0.460	lam:LA2_11199|putative_single-stranded_DNA-binding_protein|none	67.3	104	34	0	1	104	1	104	6.6e-35	152.1
ASF360_simulated_contig_298_1_#_1_#_867_#_1_#_ID=9_1;partial=10;start_type=Edge;rbs_motif=None;rbs_spacer=None;gc_cont=0.457	lai:LAC30SC_10910|replication_initiation_factor_family_protein|none	58.5	289	119	1	1	288	48	336	1.3e-101	375.2
ASF360_simulated_contig_327_1_#_3_#_1325_#_1_#_ID=11_1;partial=11;start_type=Edge;rbs_motif=None;rbs_spacer=None;gc_cont=0.836	lhv:lhe_1203|hypothetical_protein|none	81.1	122	23	0	1	122	64	185	3.4e-48	198.4
ASF360_simulated_contig_848_1_#_2_#_934_#_-1_#_ID=12_1;partial=10;start_type=ATG;rbs_motif=None;rbs_spacer=None;gc_cont=0.352	lac:LBA0444|glycosyltransferase|none	84.9	311	47	0	1	311	1	311	2.6e-151	540.4
ASF361_simulated_contig_301_1_#_1_#_270_#_-1_#_ID=16_1;partial=10;start_type=ATG;rbs_motif=None;rbs_spacer=None;gc_cont=0.381	lrm:LRC_14470|metK|S-adenosylmethionine_synthetase|K00789	92.2	77	6	0	14	90	1	77	5.0e-31	139.0
ASF361_simulated_contig_590_12_#_3179_#_3469_#_1_#_ID=18_12;partial=00;start_type=TTG;rbs_motif=None;rbs_spacer=None;gc_cont=0.540	sdq:SDSE167_0023|hypothetical_protein|none	85.1	67	10	0	30	96	3	69	8.8e-26	121.7
ASF361_simulated_contig_590_13_#_3517_#_3834_#_-1_#_ID=18_13;partial=00;start_type=ATG;rbs_motif=None;rbs_spacer=None;gc_cont=0.557	cml:BN424_480|cell_wall-associated_hydrolase_family_protein|none	94.3	105	6	0	1	105	1	105	4.3e-50	202.6
ASF361_simulated_contig_668_1_#_2_#_1315_#_-1_#_ID=19_1;partial=10;start_type=GTG;rbs_motif=None;rbs_spacer=None;gc_cont=0.452	lrr:N134_00490|hypothetical_protein|none	53.7	438	185	6	1	438	2322	2741	6.8e-126	456.4
ASF361_simulated_contig_668_1_#_2_#_1315_#_-1_#_ID=19_1;partial=10;start_type=GTG;rbs_motif=None;rbs_spacer=None;gc_cont=0.452	lrr:N134_00490|hypothetical_protein|none	53.1	435	185	6	1	431	2401	2820	8.4e-124	449.5
ASF361_simulated_contig_668_1_#_2_#_1315_#_-1_#_ID=19_1;partial=10;start_type=GTG;rbs_motif=None;rbs_spacer=None;gc_cont=0.452	lrr:N134_00490|hypothetical_protein|none	53.0	438	188	6	1	438	2243	2662	3.2e-123	447.6
ASF361_simulated_contig_668_1_#_2_#_1315_#_-1_#_ID=19_1;partial=10;start_type=GTG;rbs_motif=None;rbs_spacer=None;gc_cont=0.452	lrr:N134_00490|hypothetical_protein|none	51.7	433	181	6	1	429	2480	2888	2.0e-117	428.3
ASF361_simulated_contig_668_1_#_2_#_1315_#_-1_#_ID=19_1;partial=10;start_type=GTG;rbs_motif=None;rbs_spacer=None;gc_cont=0.452	lrr:N134_00490|hypothetical_protein|none	52.2	425	185	6	17	438	2174	2583	1.3e-116	425.6
ASF361_simulated_contig_668_1_#_2_#_1315_#_-1_#_ID=19_1;partial=10;start_type=GTG;rbs_motif=None;rbs_spacer=None;gc_cont=0.452	lrr:N134_00490|hypothetical_protein|none	51.0	343	153	5	99	438	2174	2504	2.5e-88	331.6
ASF361_simulated_contig_668_1_#_2_#_1315_#_-1_#_ID=19_1;partial=10;start_type=GTG;rbs_motif=None;rbs_spacer=None;gc_cont=0.452	lrr:N134_00490|hypothetical_protein|none	49.6	351	152	5	1	347	2559	2888	1.6e-87	328.9
ASF361_simulated_contig_668_1_#_2_#_1315_#_-1_#_ID=19_1;partial=10;start_type=GTG;rbs_motif=None;rbs_spacer=None;gc_cont=0.452	lrr:N134_00490|hypothetical_protein|none	51.0	261	116	4	181	438	2174	2425	2.6e-64	251.9
ASF361_simulated_contig_668_1_#_2_#_1315_#_-1_#_ID=19_1;partial=10;start_type=GTG;rbs_motif=None;rbs_spacer=None;gc_cont=0.452	lrr:N134_00490|hypothetical_protein|none	49.7	179	81	3	263	438	2174	2346	1.8e-38	166.0
ASF361_simulated_contig_668_1_#_2_#_1315_#_-1_#_ID=19_1;partial=10;start_type=GTG;rbs_motif=None;rbs_spacer=None;gc_cont=0.452	lrr:N134_00490|hypothetical_protein|none	29.1	501	255	18	1	427	885	1359	1.3e-31	143.3
ASF361_simulated_contig_668_1_#_2_#_1315_#_-1_#_ID=19_1;partial=10;start_type=GTG;rbs_motif=None;rbs_spacer=None;gc_cont=0.452	lrr:N134_00490|hypothetical_protein|none	37.8	209	107	4	64	263	1165	1359	2.4e-30	139.0
ASF361_simulated_contig_668_1_#_2_#_1315_#_-1_#_ID=19_1;partial=10;start_type=GTG;rbs_motif=None;rbs_spacer=None;gc_cont=0.452	lrr:N134_00490|hypothetical_protein|none	29.5	404	226	12	1	359	985	1374	3.2e-30	138.7
ASF361_simulated_contig_668_1_#_2_#_1315_#_-1_#_ID=19_1;partial=10;start_type=GTG;rbs_motif=None;rbs_spacer=None;gc_cont=0.452	lrr:N134_00490|hypothetical_protein|none	40.7	189	94	5	1	181	1181	1359	4.3e-27	128.3
ASF361_simulated_contig_668_1_#_2_#_1315_#_-1_#_ID=19_1;partial=10;start_type=GTG;rbs_motif=None;rbs_spacer=None;gc_cont=0.452	lrr:N134_00490|hypothetical_protein|none	49.5	97	43	2	345	438	2174	2267	1.6e-13	83.2
ASF361_simulated_contig_668_1_#_2_#_1315_#_-1_#_ID=19_1;partial=10;start_type=GTG;rbs_motif=None;rbs_spacer=None;gc_cont=0.452	lrr:N134_00490|hypothetical_protein|none	36.2	105	50	2	1	99	1266	1359	2.0e-08	66.2
ASF361_simulated_contig_896_1_#_3_#_323_#_-1_#_ID=21_1;partial=10;start_type=TTG;rbs_motif=None;rbs_spacer=None;gc_cont=0.511	hmo:HM1_3148|hypothetical_protein|none	66.4	107	36	0	1	107	1	107	3.8e-30	136.3
ASF361_simulated_contig_896_7_#_1105_#_1347_#_-1_#_ID=21_7;partial=00;start_type=TTG;rbs_motif=None;rbs_spacer=None;gc_cont=0.498	hmo:HM1_3128|hypothetical_protein|none	81.3	75	14	0	2	76	72	146	1.5e-26	124.0
ASF361_simulated_contig_896_8_#_1349_#_1630_#_1_#_ID=21_8;partial=00;start_type=TTG;rbs_motif=None;rbs_spacer=None;gc_cont=0.550	sdq:SDSE167_0023|hypothetical_protein|none	85.1	67	10	0	27	93	3	69	8.6e-26	121.7
ASF361_simulated_contig_896_9_#_1678_#_1995_#_-1_#_ID=21_9;partial=00;start_type=ATG;rbs_motif=None;rbs_spacer=None;gc_cont=0.557	cml:BN424_480|cell_wall-associated_hydrolase_family_protein|none	94.3	105	6	0	1	105	1	105	4.3e-50	202.6
ASF361_simulated_contig_896_14_#_2679_#_3095_#_-1_#_ID=21_14;partial=00;start_type=GTG;rbs_motif=None;rbs_spacer=None;gc_cont=0.523	smut:SMUGS5_00840|bacteriophage_replication_gene_A_protein_(GPA)|none	71.2	59	14	2	50	105	3	61	4.0e-11	73.6
ASF361_simulated_contig_896_18_#_3813_#_4841_#_1_#_ID=21_18;partial=00;start_type=ATG;rbs_motif=None;rbs_spacer=None;gc_cont=0.420	lcr:LCRIS_00907|hypothetical_protein|none	66.5	343	111	3	1	342	4	343	1.0e-121	442.2
ASF361_simulated_contig_896_20_#_5036_#_5446_#_1_#_ID=21_20;partial=00;start_type=TTG;rbs_motif=None;rbs_spacer=None;gc_cont=0.416	lrm:LRC_07540|feoA|Fe2+_transport_system_protein_A|K04758	56.7	134	58	0	3	136	26	159	8.6e-35	152.1
ASF361_simulated_contig_896_21_#_5443_#_6306_#_1_#_ID=21_21;partial=01;start_type=ATG;rbs_motif=None;rbs_spacer=None;gc_cont=0.390	lrm:LRC_07550|feoB|Fe2+_transport_system_protein_B|K04759	61.5	288	111	0	1	288	1	288	6.8e-98	362.8
ASF361_simulated_contig_941_7_#_1042_#_1359_#_1_#_ID=22_7;partial=00;start_type=ATG;rbs_motif=None;rbs_spacer=None;gc_cont=0.560	cml:BN424_480|cell_wall-associated_hydrolase_family_protein|none	94.3	105	6	0	1	105	1	105	4.3e-50	202.6
ASF361_simulated_contig_941_8_#_1407_#_1688_#_-1_#_ID=22_8;partial=00;start_type=TTG;rbs_motif=None;rbs_spacer=None;gc_cont=0.550	sdq:SDSE167_0023|hypothetical_protein|none	85.1	67	10	0	27	93	3	69	8.6e-26	121.7
ASF361_simulated_contig_941_9_#_1690_#_1932_#_1_#_ID=22_9;partial=00;start_type=TTG;rbs_motif=None;rbs_spacer=None;gc_cont=0.502	hmo:HM1_3128|hypothetical_protein|none	81.3	75	14	0	2	76	72	146	1.5e-26	124.0
ASF361_simulated_contig_941_12_#_2565_#_2837_#_1_#_ID=22_12;partial=00;start_type=GTG;rbs_motif=None;rbs_spacer=None;gc_cont=0.549	hmo:HM1_3150|hypothetical_protein|none	67.8	59	19	0	9	67	70	128	1.3e-15	87.8
ASF361_simulated_contig_941_15_#_3191_#_3487_#_1_#_ID=22_15;partial=00;start_type=GTG;rbs_motif=None;rbs_spacer=None;gc_cont=0.522	hmo:HM1_3148|hypothetical_protein|none	75.9	58	14	0	38	95	23	80	4.2e-15	86.3
ASF361_simulated_contig_941_20_#_4553_#_5011_#_1_#_ID=22_20;partial=01;start_type=ATG;rbs_motif=None;rbs_spacer=None;gc_cont=0.340	cni:Calni_1082|isoleucyl-tRNA_synthetase_(EC:6.1.1.5)|K01870	67.5	151	49	0	3	153	2	152	4.3e-59	233.0
ASF457_simulated_contig_392_4_#_354_#_650_#_-1_#_ID=23_4;partial=00;start_type=GTG;rbs_motif=None;rbs_spacer=None;gc_cont=0.522	hmo:HM1_3148|hypothetical_protein|none	75.9	58	14	0	38	95	23	80	4.2e-15	86.3
ASF457_simulated_contig_392_7_#_1004_#_1276_#_-1_#_ID=23_7;partial=00;start_type=GTG;rbs_motif=None;rbs_spacer=None;gc_cont=0.549	hmo:HM1_3150|hypothetical_protein|none	67.8	59	19	0	9	67	70	128	1.3e-15	87.8
ASF457_simulated_contig_394_3_#_406_#_816_#_-1_#_ID=24_3;partial=00;start_type=ATG;rbs_motif=None;rbs_spacer=None;gc_cont=0.494	saf:SULAZ_0908|hypothetical_protein|none	62.7	126	47	0	6	131	28	153	6.6e-35	152.5
ASF457_simulated_contig_394_6_#_1080_#_1439_#_-1_#_ID=24_6;partial=00;start_type=TTG;rbs_motif=None;rbs_spacer=None;gc_cont=0.544	blu:K645_1431|Cell_wall-associated_hydrolase|none	76.0	96	23	0	24	119	17	112	2.7e-32	143.7
ASF457_simulated_contig_394_8_#_2001_#_2933_#_1_#_ID=24_8;partial=00;start_type=ATG;rbs_motif=None;rbs_spacer=None;gc_cont=0.323	dap:Dacet_1573|binding-protein-dependent_transport_system_inner_membrane_protein|K15585	67.2	308	101	0	1	308	1	308	1.3e-118	431.8
ASF457_simulated_contig_634_5_#_695_#_991_#_-1_#_ID=25_5;partial=00;start_type=GTG;rbs_motif=None;rbs_spacer=None;gc_cont=0.522	hmo:HM1_3148|hypothetical_protein|none	75.9	58	14	0	38	95	23	80	4.2e-15	86.3
ASF457_simulated_contig_637_4_#_427_#_786_#_-1_#_ID=27_4;partial=00;start_type=TTG;rbs_motif=None;rbs_spacer=None;gc_cont=0.544	blu:K645_1431|Cell_wall-associated_hydrolase|none	76.0	96	23	0	24	119	17	112	2.7e-32	143.7
ASF492_simulated_contig_32_1_#_3_#_251_#_1_#_ID=28_1;partial=10;start_type=Edge;rbs_motif=None;rbs_spacer=None;gc_cont=0.349	cch:Cag_1302|ATPase-like_protein|none	52.7	55	26	0	24	78	200	254	8.4e-09	65.1
ASF492_simulated_contig_2469_1_#_2_#_1888_#_-1_#_ID=86_1;partial=10;start_type=ATG;rbs_motif=None;rbs_spacer=None;gc_cont=0.955	cth:Cthe_2031|transposase_IS200-like_protein|K07491	69.2	39	12	0	2	40	3	41	2.9e-08	66.2
ASF500_simulated_contig_521_4_#_385_#_738_#_-1_#_ID=89_4;partial=00;start_type=TTG;rbs_motif=None;rbs_spacer=None;gc_cont=0.531	hmo:HM1_3148|hypothetical_protein|none	72.9	96	26	0	22	117	18	113	2.5e-30	137.1
ASF500_simulated_contig_521_5_#_686_#_937_#_-1_#_ID=89_5;partial=00;start_type=TTG;rbs_motif=None;rbs_spacer=None;gc_cont=0.536	mtr:MTR_1g006010|ATP_synthase_subunit_alpha|K02132	78.9	38	8	0	40	77	851	888	7.7e-10	68.6
ASF500_simulated_contig_525_6_#_1192_#_1509_#_1_#_ID=90_6;partial=00;start_type=ATG;rbs_motif=None;rbs_spacer=None;gc_cont=0.575	cml:BN424_480|cell_wall-associated_hydrolase_family_protein|none	81.9	105	19	0	1	105	1	105	3.3e-42	176.4
ASF500_simulated_contig_527_6_#_720_#_1004_#_1_#_ID=91_6;partial=00;start_type=GTG;rbs_motif=None;rbs_spacer=None;gc_cont=0.540	kpr:KPR_0123|hypothetical_protein|none	48.1	77	39	1	7	83	6	81	3.3e-09	66.6
ASF500_simulated_contig_905_1_#_3_#_866_#_1_#_ID=92_1;partial=10;start_type=Edge;rbs_motif=None;rbs_spacer=None;gc_cont=0.367	hhl:Halha_1007|hypothetical_protein|none	35.7	291	181	4	1	287	73	361	7.1e-47	193.4
ASF500_simulated_contig_917_13_#_3043_#_3360_#_1_#_ID=93_13;partial=00;start_type=ATG;rbs_motif=None;rbs_spacer=None;gc_cont=0.575	cml:BN424_480|cell_wall-associated_hydrolase_family_protein|none	81.9	105	19	0	1	105	1	105	3.3e-42	176.4
ASF500_simulated_contig_917_26_#_5171_#_5455_#_1_#_ID=93_26;partial=00;start_type=GTG;rbs_motif=None;rbs_spacer=None;gc_cont=0.540	kpr:KPR_0123|hypothetical_protein|none	48.1	77	39	1	7	83	6	81	3.3e-09	66.6
ASF500_simulated_contig_1480_1_#_17_#_301_#_-1_#_ID=100_1;partial=00;start_type=GTG;rbs_motif=None;rbs_spacer=None;gc_cont=0.540	kpr:KPR_0123|hypothetical_protein|none	48.1	77	39	1	7	83	6	81	3.3e-09	66.6
ASF500_simulated_contig_1480_14_#_2112_#_2429_#_-1_#_ID=100_14;partial=00;start_type=ATG;rbs_motif=None;rbs_spacer=None;gc_cont=0.572	cml:BN424_480|cell_wall-associated_hydrolase_family_protein|none	81.9	105	19	0	1	105	1	105	3.3e-42	176.4
ASF500_simulated_contig_1480_19_#_3253_#_3540_#_-1_#_ID=100_19;partial=01;start_type=Edge;rbs_motif=None;rbs_spacer=None;gc_cont=0.368	siv:SSIL_1821|double-glycine_peptidase|none	38.2	102	55	3	2	95	101	202	2.0e-09	67.4
ASF502_simulated_contig_1482_5_#_844_#_1125_#_1_#_ID=111_5;partial=00;start_type=GTG;rbs_motif=None;rbs_spacer=None;gc_cont=0.543	mtr:MTR_069s1001|Cell_wall-associated_hydrolase|none	78.8	33	7	0	60	92	606	638	1.2e-06	58.2
ASF502_simulated_contig_1482_16_#_2669_#_2968_#_1_#_ID=111_16;partial=00;start_type=ATG;rbs_motif=None;rbs_spacer=None;gc_cont=0.547	hmo:HM1_3148|hypothetical_protein|none	82.0	61	11	0	39	99	23	83	8.8e-21	105.1
ASF519_simulated_contig_251_10_#_1276_#_1557_#_1_#_ID=117_10;partial=00;start_type=TTG;rbs_motif=None;rbs_spacer=None;gc_cont=0.521	mtr:MTR_1g006010|ATP_synthase_subunit_alpha|K02132	69.0	42	12	1	35	76	848	888	5.2e-07	59.3
ASF519_simulated_contig_369_7_#_881_#_1162_#_1_#_ID=118_7;partial=00;start_type=TTG;rbs_motif=None;rbs_spacer=None;gc_cont=0.521	mtr:MTR_1g006010|ATP_synthase_subunit_alpha|K02132	69.0	42	12	1	35	76	848	888	5.2e-07	59.3
ASF519_simulated_contig_499_17_#_2498_#_2779_#_1_#_ID=119_17;partial=00;start_type=TTG;rbs_motif=None;rbs_spacer=None;gc_cont=0.521	mtr:MTR_1g006010|ATP_synthase_subunit_alpha|K02132	69.0	42	12	1	35	76	848	888	5.2e-07	59.3
ASF519_simulated_contig_1177_2_#_79_#_1059_#_1_#_ID=120_2;partial=01;start_type=ATG;rbs_motif=None;rbs_spacer=None;gc_cont=0.461	bsa:Bacsa_0525|transposase_mutator_type|none	85.6	327	47	0	1	327	74	400	5.0e-166	589.3
ASF519_simulated_contig_1504_1_#_2_#_1147_#_1_#_ID=122_1;partial=11;start_type=Edge;rbs_motif=None;rbs_spacer=None;gc_cont=0.398	tfo:BFO_1796|TonB-linked_outer_membrane_protein|SusC/RagA_family|none	76.0	383	91	1	1	382	127	509	2.4e-167	594.0
ASF519_simulated_contig_2016_5_#_763_#_1044_#_-1_#_ID=123_5;partial=00;start_type=TTG;rbs_motif=None;rbs_spacer=None;gc_cont=0.521	mtr:MTR_1g006010|ATP_synthase_subunit_alpha|K02132	69.0	42	12	1	35	76	848	888	5.2e-07	59.3
ASF519_simulated_contig_2016_26_#_4208_#_4624_#_-1_#_ID=123_26;partial=00;start_type=GTG;rbs_motif=None;rbs_spacer=None;gc_cont=0.549	blu:K645_1431|Cell_wall-associated_hydrolase|none	82.5	137	24	0	1	137	15	151	3.7e-57	226.5
ASF519_simulated_contig_2016_29_#_5144_#_6067_#_1_#_ID=123_29;partial=00;start_type=GTG;rbs_motif=None;rbs_spacer=None;gc_cont=0.410	bacc:BRDCF_11450|hypothetical_protein|none	39.9	313	178	2	3	305	5	317	6.2e-65	253.4
